[debug] [2018-11-28T19:15:01.595Z] ----------------------------------------------------------------------
[debug] [2018-11-28T19:15:01.597Z] Command:       /usr/local/bin/node /usr/local/bin/firebase deploy
[debug] [2018-11-28T19:15:01.597Z] CLI Version:   6.1.1
[debug] [2018-11-28T19:15:01.597Z] Platform:      darwin
[debug] [2018-11-28T19:15:01.597Z] Node Version:  v10.14.0
[debug] [2018-11-28T19:15:01.598Z] Time:          Wed Nov 28 2018 12:15:01 GMT-0700 (Mountain Standard Time)
[debug] [2018-11-28T19:15:01.598Z] ----------------------------------------------------------------------
[debug] 
[debug] [2018-11-28T19:15:01.607Z] > command requires scopes: ["email","openid","https://www.googleapis.com/auth/cloudplatformprojects.readonly","https://www.googleapis.com/auth/firebase","https://www.googleapis.com/auth/cloud-platform"]
[debug] [2018-11-28T19:15:01.607Z] > authorizing via signed-in user
[debug] [2018-11-28T19:15:01.608Z] [iam] checking project roomies-list for permissions ["cloudfunctions.functions.create","cloudfunctions.functions.delete","cloudfunctions.functions.get","cloudfunctions.functions.list","cloudfunctions.functions.update","cloudfunctions.operations.get","firebase.projects.get"]
[debug] [2018-11-28T19:15:01.609Z] >>> HTTP REQUEST POST https://cloudresourcemanager.googleapis.com/v1/projects/roomies-list:testIamPermissions  

[debug] [2018-11-28T19:15:02.284Z] <<< HTTP RESPONSE 200
[info] 
[info] === Deploying to 'roomies-list'...
[info] 
[info] i  deploying functions
[info] Running command: npm --prefix "$RESOURCE_DIR" run lint
[info] ✔  functions: Finished running predeploy script.
[debug] [2018-11-28T19:15:06.465Z] > [functions] package.json contents: {
  "name": "functions",
  "description": "Cloud Functions for Firebase",
  "scripts": {
    "lint": "./node_modules/.bin/eslint .",
    "serve": "firebase serve --only functions",
    "shell": "firebase functions:shell",
    "start": "npm run shell",
    "deploy": "firebase deploy --only functions",
    "logs": "firebase functions:log"
  },
  "dependencies": {
    "firebase-admin": "~6.0.0",
    "firebase-functions": "^2.1.0"
  },
  "devDependencies": {
    "eslint": "^4.12.0",
    "eslint-plugin-promise": "^3.6.0"
  },
  "private": true
}
[info] i  functions: ensuring necessary APIs are enabled...
[debug] [2018-11-28T19:15:06.466Z] >>> HTTP REQUEST GET https://servicemanagement.googleapis.com/v1/services/cloudfunctions.googleapis.com/projectSettings/roomies-list?view=CONSUMER_VIEW  
 
[debug] [2018-11-28T19:15:06.466Z] >>> HTTP REQUEST GET https://servicemanagement.googleapis.com/v1/services/runtimeconfig.googleapis.com/projectSettings/roomies-list?view=CONSUMER_VIEW  
 
[debug] [2018-11-28T19:15:08.440Z] <<< HTTP RESPONSE 200
[debug] [2018-11-28T19:15:08.929Z] <<< HTTP RESPONSE 200
[info] ✔  functions: all necessary APIs are enabled
[debug] [2018-11-28T19:15:08.930Z] >>> HTTP REQUEST GET https://cloudresourcemanager.googleapis.com/v1/projects/roomies-list  
 
[debug] [2018-11-28T19:15:10.572Z] <<< HTTP RESPONSE 200
[debug] [2018-11-28T19:15:10.573Z] >>> HTTP REQUEST GET https://mobilesdk-pa.googleapis.com/v1/projects/1049404978155:getServerAppConfig  
 
[debug] [2018-11-28T19:15:12.972Z] <<< HTTP RESPONSE 200
[info] i  functions: preparing functions directory for uploading...
[debug] [2018-11-28T19:15:12.974Z] >>> HTTP REQUEST GET https://runtimeconfig.googleapis.com/v1beta1/projects/roomies-list/configs  
 
[debug] [2018-11-28T19:15:13.656Z] <<< HTTP RESPONSE 200
[info] i  functions: packaged functions (52.7 KB) for uploading
[debug] [2018-11-28T19:15:13.831Z] >>> HTTP REQUEST POST https://cloudfunctions.googleapis.com/v1/projects/roomies-list/locations/us-central1/functions:generateUploadUrl  
 
[debug] [2018-11-28T19:15:50.937Z] <<< HTTP RESPONSE 200
[debug] [2018-11-28T19:15:50.938Z] >>> HTTP REQUEST PUT https://storage.googleapis.com/gcf-upload-us-central1-32487934-f753-45eb-add7-05cbace6c5af/9b7a7a95-30df-485c-827c-d100bdde0e41.zip?GoogleAccessId=service-1049404978155@gcf-admin-robot.iam.gserviceaccount.com&Expires=1543434350&Signature=Yr9rQ9k33kfGvLKCNrM668QaIxXJ541okEuwaxJb4jRQtBUPHUd5yM4Cazfd4w5ZLd8oajdj%2Fk6wlU%2FQSC25OXlovY%2F0C9gvM3Fif5ojSsAVRu32v3vigdMQk62J%2B8bTl8ohlXGLHNBGZkqA9z55Ae0OjoYmdnb19yqcyki0i4tXP8Ek5vfgpp5r5dv%2F1IklohiiEgmkBDeEp6BFvHjhxK3k2cyVrLANTq9uyVBcVam8yNXW%2FZ24s%2BFK43emcmsXBzUXtSXF%2BmekCMgDKrwfXHI6LU%2FqEwfx5d05cm25Z9awtf2icPJ0Isc3bC7tjhSBOSu4lMMZe5S7CxFrbDE13Q%3D%3D  

[debug] [2018-11-28T19:15:59.439Z] <<< HTTP RESPONSE 200
[info] ✔  functions: functions folder uploaded successfully
[debug] [2018-11-28T19:15:59.441Z] >>> HTTP REQUEST GET https://cloudfunctions.googleapis.com/v1/projects/roomies-list/locations/-/functions  
 
[debug] [2018-11-28T19:16:00.250Z] <<< HTTP RESPONSE 200
[info] i  functions: creating Node.js 6 function helloWorld(us-central1)...
[debug] [2018-11-28T19:16:00.253Z] Trigger is:  {"httpsTrigger":{}}
[debug] [2018-11-28T19:16:00.255Z] >>> HTTP REQUEST POST https://cloudfunctions.googleapis.com/v1/projects/roomies-list/locations/us-central1/functions  

[debug] [2018-11-28T19:16:01.210Z] <<< HTTP RESPONSE 200
[debug] [2018-11-28T19:16:01.212Z] >>> HTTP REQUEST GET https://cloudfunctions.googleapis.com/v1/projects/roomies-list/locations/-/functions  
 
[debug] [2018-11-28T19:16:02.096Z] <<< HTTP RESPONSE 200
[debug] [2018-11-28T19:16:02.098Z] >>> HTTP REQUEST GET https://cloudfunctions.googleapis.com/v1/operations/cm9vbWllcy1saXN0L3VzLWNlbnRyYWwxL2hlbGxvV29ybGQvSHJOS2RSMENXVkk  
 
[debug] [2018-11-28T19:16:02.971Z] <<< HTTP RESPONSE 200
[debug] [2018-11-28T19:16:04.977Z] >>> HTTP REQUEST GET https://cloudfunctions.googleapis.com/v1/operations/cm9vbWllcy1saXN0L3VzLWNlbnRyYWwxL2hlbGxvV29ybGQvSHJOS2RSMENXVkk  
 
[debug] [2018-11-28T19:16:05.743Z] <<< HTTP RESPONSE 200
